blob-tests/build/intermediates/manifest_merge_blame_file/debug/manifest-merger-blame-debug-report.txt
1<?xml version="1.0" encoding="utf-8"?>
2<manifest xmlns:android="http://schemas.android.com/apk/res/android"
3    package="com.microsoft.azure.storage.samples"
4    android:versionCode="0"
5    android:versionName="2.0.0" >
6
7    <uses-sdk
7-->azure-storage-android\microsoft-azure-storage-samples\AndroidManifest.xml:7:5-9:41
8        android:minSdkVersion="1"
8-->azure-storage-android\microsoft-azure-storage-samples\AndroidManifest.xml:8:9-35
9        android:targetSdkVersion="22" />
9-->azure-storage-android\microsoft-azure-storage-samples\AndroidManifest.xml:9:9-38
10
11    <uses-permission android:name="android.permission.INTERNET" />
11-->azure-storage-android\microsoft-azure-storage-samples\AndroidManifest.xml:11:5-67
11-->azure-storage-android\microsoft-azure-storage-samples\AndroidManifest.xml:11:22-64
12
13    <application
13-->azure-storage-android\microsoft-azure-storage-samples\AndroidManifest.xml:13:5-26:19
14        android:allowBackup="true"
14-->azure-storage-android\microsoft-azure-storage-samples\AndroidManifest.xml:14:9-35
15        android:debuggable="true"
16        android:icon="@drawable/ic_launcher"
16-->azure-storage-android\microsoft-azure-storage-samples\AndroidManifest.xml:15:9-45
17        android:label="@string/app_name"
17-->azure-storage-android\microsoft-azure-storage-samples\AndroidManifest.xml:16:9-41
18        android:testOnly="true"
19        android:theme="@style/AppTheme" >
19-->azure-storage-android\microsoft-azure-storage-samples\AndroidManifest.xml:17:9-40
20        <activity
20-->azure-storage-android\microsoft-azure-storage-samples\AndroidManifest.xml:18:9-25:20
21            android:name="com.microsoft.azure.storage.samples.MainActivity"
21-->azure-storage-android\microsoft-azure-storage-samples\AndroidManifest.xml:19:13-76
22            android:label="@string/app_name" >
22-->azure-storage-android\microsoft-azure-storage-samples\AndroidManifest.xml:20:13-45
23            <intent-filter>
23-->azure-storage-android\microsoft-azure-storage-samples\AndroidManifest.xml:21:13-24:29
24                <action android:name="android.intent.action.MAIN" />
24-->azure-storage-android\microsoft-azure-storage-samples\AndroidManifest.xml:22:17-69
24-->azure-storage-android\microsoft-azure-storage-samples\AndroidManifest.xml:22:25-66
25
26                <category android:name="android.intent.category.LAUNCHER" />
26-->azure-storage-android\microsoft-azure-storage-samples\AndroidManifest.xml:23:17-77
26-->azure-storage-android\microsoft-azure-storage-samples\AndroidManifest.xml:23:27-74
27            </intent-filter>
28        </activity>
29    </application>
30
31</manifest>